0 info it worked if it ends with ok
1 verbose cli [ 'D:\\node\\node.exe',
1 verbose cli   'D:\\node\\node_modules\\npm\\bin\\npm-cli.js',
1 verbose cli   'run',
1 verbose cli   'build' ]
2 info using npm@3.10.10
3 info using node@v6.11.0
4 verbose run-script [ 'prebuild', 'build', 'postbuild' ]
5 info lifecycle vue-loader-demo@1.0.0~prebuild: vue-loader-demo@1.0.0
6 silly lifecycle vue-loader-demo@1.0.0~prebuild: no script for prebuild, continuing
7 info lifecycle vue-loader-demo@1.0.0~build: vue-loader-demo@1.0.0
8 verbose lifecycle vue-loader-demo@1.0.0~build: unsafe-perm in lifecycle true
9 verbose lifecycle vue-loader-demo@1.0.0~build: PATH: D:\node\node_modules\npm\bin\node-gyp-bin;D:\vue-base\vue2017\vue-loader-demo\node_modules\.bin;C:\Program Files\ImageMagick-7.0.1-Q16;C:\Windows\system32;C:\Windows;C:\Windows\System32\Wbem;C:\Windows\System32\WindowsPowerShell\v1.0\;C:\Program Files (x86)\GtkSharp\2.12\bin;C:\ProgramData\chocolatey\bin;C:\Program Files\TortoiseGit\bin;D:\node\;C:\Program Files\Git\cmd;C:\Program Files\Git\mingw64\bin;C:\Program Files\Git\usr\bin;;C:\Program Files (x86)\Microsoft VS Code\bin;C:\Users\fei\AppData\Roaming\npm
10 verbose lifecycle vue-loader-demo@1.0.0~build: CWD: D:\vue-base\vue2017\vue-loader-demo
11 silly lifecycle vue-loader-demo@1.0.0~build: Args: [ '/d /s /c', 'webpack -p' ]
12 silly lifecycle vue-loader-demo@1.0.0~build: Returned: code: 2  signal: null
13 info lifecycle vue-loader-demo@1.0.0~build: Failed to exec build script
14 verbose stack Error: vue-loader-demo@1.0.0 build: `webpack -p`
14 verbose stack Exit status 2
14 verbose stack     at EventEmitter.<anonymous> (D:\node\node_modules\npm\lib\utils\lifecycle.js:255:16)
14 verbose stack     at emitTwo (events.js:106:13)
14 verbose stack     at EventEmitter.emit (events.js:191:7)
14 verbose stack     at ChildProcess.<anonymous> (D:\node\node_modules\npm\lib\utils\spawn.js:40:14)
14 verbose stack     at emitTwo (events.js:106:13)
14 verbose stack     at ChildProcess.emit (events.js:191:7)
14 verbose stack     at maybeClose (internal/child_process.js:891:16)
14 verbose stack     at Process.ChildProcess._handle.onexit (internal/child_process.js:226:5)
15 verbose pkgid vue-loader-demo@1.0.0
16 verbose cwd D:\vue-base\vue2017\vue-loader-demo
17 error Windows_NT 6.1.7601
18 error argv "D:\\node\\node.exe" "D:\\node\\node_modules\\npm\\bin\\npm-cli.js" "run" "build"
19 error node v6.11.0
20 error npm  v3.10.10
21 error code ELIFECYCLE
22 error vue-loader-demo@1.0.0 build: `webpack -p`
22 error Exit status 2
23 error Failed at the vue-loader-demo@1.0.0 build script 'webpack -p'.
23 error Make sure you have the latest version of node.js and npm installed.
23 error If you do, this is most likely a problem with the vue-loader-demo package,
23 error not with npm itself.
23 error Tell the author that this fails on your system:
23 error     webpack -p
23 error You can get information on how to open an issue for this project with:
23 error     npm bugs vue-loader-demo
23 error Or if that isn't available, you can get their info via:
23 error     npm owner ls vue-loader-demo
23 error There is likely additional logging output above.
24 verbose exit [ 1, true ]
